<?xml version="1.0" encoding="UTF-8"?>
<testsuite name="Videoarcs.LibraryTest" tests="1" skipped="0" failures="0" errors="0" timestamp="2022-05-19T21:47:37" hostname="USER-PC" time="0.019">
  <properties/>
  <testcase name="someLibraryMethodReturnsTrue()" classname="Videoarcs.LibraryTest" time="0.019"/>
  <system-out><![CDATA[]]></system-out>
  <system-err><![CDATA[]]></system-err>
</testsuite>
